c:\amala_renderer\ar_sln\ar\x64\debug\vc143.pdb
c:\amala_renderer\ar_sln\ar\x64\debug\vc143.idb
c:\amala_renderer\ar_sln\ar\x64\debug\glad.obj
c:\amala_renderer\ar_sln\ar\x64\debug\main.obj
c:\amala_renderer\ar_sln\x64\debug\ar.exe
c:\amala_renderer\ar_sln\x64\debug\ar.pdb
c:\amala_renderer\ar_sln\ar\x64\debug\ar.ilk
c:\amala_renderer\ar_sln\ar\x64\debug\source.obj
c:\amala_renderer\ar_sln\ar\x64\debug\ar.vcxproj.cppwinrt_comp.rsp
c:\amala_renderer\ar_sln\ar\x64\debug\ar.vcxproj.cppwinrt_plat.rsp
c:\amala_renderer\ar_sln\ar\x64\debug\ar.vcxproj.mdmerge.rsp
c:\amala_renderer\ar_sln\ar\x64\debug\ar.vcxproj.midlrt.rsp
c:\amala_renderer\ar_sln\ar\x64\debug\ar.tlog\cl.command.1.tlog
c:\amala_renderer\ar_sln\ar\x64\debug\ar.tlog\cl.items.tlog
c:\amala_renderer\ar_sln\ar\x64\debug\ar.tlog\cl.read.1.tlog
c:\amala_renderer\ar_sln\ar\x64\debug\ar.tlog\cl.write.1.tlog
c:\amala_renderer\ar_sln\ar\x64\debug\ar.tlog\link.command.1.tlog
c:\amala_renderer\ar_sln\ar\x64\debug\ar.tlog\link.read.1.tlog
c:\amala_renderer\ar_sln\ar\x64\debug\ar.tlog\link.secondary.1.tlog
c:\amala_renderer\ar_sln\ar\x64\debug\ar.tlog\link.write.1.tlog
